2023-05-16T15:30:28.056945 INFO   [main] [Bolt::Logger] Loaded project from '/Users/saurabh.dikshit/GCP/control/control1'
2023-05-16T15:30:28.121104 DEBUG  [main] [Bolt::Executor] Started with 36 max thread(s)
2023-05-16T15:30:28.799549 DEBUG  [main] [Bolt::PAL] Loading modules from /opt/puppetlabs/bolt/lib/ruby/gems/2.7.0/gems/bolt-3.24.0/bolt-modules:/Users/saurabh.dikshit/GCP/control/control1/modules:/Users/saurabh.dikshit/GCP/control/control1/.modules:/opt/puppetlabs/bolt/lib/ruby/gems/2.7.0/gems/bolt-3.24.0/modules
2023-05-16T15:30:28.799893 DEBUG  [main] [Bolt::Inventory] Tried to load inventory from /Users/saurabh.dikshit/GCP/control/control1/inventory.yaml, but the file does not exist
2023-05-16T15:31:10.994280 INFO   [main] [Bolt::R10KLogProxy] Using Puppetfile '/Users/saurabh.dikshit/GCP/control/control1/Puppetfile'
2023-05-16T15:31:10.994634 DEBUG  [main] [Bolt::R10KLogProxy] Using moduledir '/Users/saurabh.dikshit/GCP/control/control1/.modules'
2023-05-16T15:31:10.997609 DEBUG  [main] [Bolt::R10KLogProxy] Testing to see if feature shellgit is available.
2023-05-16T15:31:10.997924 DEBUG  [main] [Bolt::R10KLogProxy] Evaluating proc #<Proc:0x00007fdd6336d7b8 /opt/puppetlabs/bolt/lib/ruby/gems/2.7.0/gems/r10k-3.15.0/lib/r10k/features.rb:16> to test for feature shellgit
2023-05-16T15:31:10.998263 DEBUG  [main] [Bolt::R10KLogProxy] Proc #<Proc:0x00007fdd6336d7b8 /opt/puppetlabs/bolt/lib/ruby/gems/2.7.0/gems/r10k-3.15.0/lib/r10k/features.rb:16> for feature shellgit returned "/usr/local/bin/git"
2023-05-16T15:31:10.998621 DEBUG  [main] [Bolt::R10KLogProxy] Feature shellgit is available.
2023-05-16T15:31:10.998668 DEBUG  [main] [Bolt::R10KLogProxy] Testing to see if feature shellgit is available.
2023-05-16T15:31:10.998702 DEBUG  [main] [Bolt::R10KLogProxy] Evaluating proc #<Proc:0x00007fdd6336d7b8 /opt/puppetlabs/bolt/lib/ruby/gems/2.7.0/gems/r10k-3.15.0/lib/r10k/features.rb:16> to test for feature shellgit
2023-05-16T15:31:10.998785 DEBUG  [main] [Bolt::R10KLogProxy] Proc #<Proc:0x00007fdd6336d7b8 /opt/puppetlabs/bolt/lib/ruby/gems/2.7.0/gems/r10k-3.15.0/lib/r10k/features.rb:16> for feature shellgit returned "/usr/local/bin/git"
2023-05-16T15:31:10.998814 DEBUG  [main] [Bolt::R10KLogProxy] Feature shellgit is available.
2023-05-16T15:31:11.000351 DEBUG  [main] [Bolt::R10KLogProxy] Setting Git provider to R10K::Git::ShellGit
2023-05-16T15:31:11.000660 DEBUG  [main] [Bolt::R10KLogProxy] Testing to see if feature shellgit is available.
2023-05-16T15:31:11.000705 DEBUG  [main] [Bolt::R10KLogProxy] Evaluating proc #<Proc:0x00007fdd6336d7b8 /opt/puppetlabs/bolt/lib/ruby/gems/2.7.0/gems/r10k-3.15.0/lib/r10k/features.rb:16> to test for feature shellgit
2023-05-16T15:31:11.000789 DEBUG  [main] [Bolt::R10KLogProxy] Proc #<Proc:0x00007fdd6336d7b8 /opt/puppetlabs/bolt/lib/ruby/gems/2.7.0/gems/r10k-3.15.0/lib/r10k/features.rb:16> for feature shellgit returned "/usr/local/bin/git"
2023-05-16T15:31:11.000819 DEBUG  [main] [Bolt::R10KLogProxy] Feature shellgit is available.
2023-05-16T15:31:11.000843 DEBUG  [main] [Bolt::R10KLogProxy] Setting Git provider to default provider shellgit
2023-05-16T15:31:11.041940 DEBUG  [main] [Bolt::R10KLogProxy] Updating modules with 4 threads
2023-05-16T15:31:11.043983 INFO   [] [Bolt::R10KLogProxy] Deploying module to /Users/saurabh.dikshit/GCP/control/control1/.modules/docker
2023-05-16T15:31:11.046568 INFO   [] [Bolt::R10KLogProxy] Deploying module to /Users/saurabh.dikshit/GCP/control/control1/.modules/yumrepo_core
2023-05-16T15:31:11.048989 INFO   [] [Bolt::R10KLogProxy] Deploying module to /Users/saurabh.dikshit/GCP/control/control1/.modules/cd4pe_jobs
2023-05-16T15:31:11.049052 INFO   [] [Bolt::R10KLogProxy] Deploying module to /Users/saurabh.dikshit/GCP/control/control1/.modules/vcsrepo
2023-05-16T15:31:11.060232 INFO   [] [Bolt::R10KLogProxy] Deploying module to /Users/saurabh.dikshit/GCP/control/control1/.modules/stdlib
2023-05-16T15:31:11.060560 INFO   [] [Bolt::R10KLogProxy] Deploying module to /Users/saurabh.dikshit/GCP/control/control1/.modules/puppet_operational_dashboards
2023-05-16T15:31:11.060957 INFO   [] [Bolt::R10KLogProxy] Deploying module to /Users/saurabh.dikshit/GCP/control/control1/.modules/pe_status_check
2023-05-16T15:31:11.062222 INFO   [] [Bolt::R10KLogProxy] Deploying module to /Users/saurabh.dikshit/GCP/control/control1/.modules/inifile
2023-05-16T15:31:11.062460 INFO   [] [Bolt::R10KLogProxy] Deploying module to /Users/saurabh.dikshit/GCP/control/control1/.modules/chocolatey
2023-05-16T15:31:11.062603 INFO   [] [Bolt::R10KLogProxy] Deploying module to /Users/saurabh.dikshit/GCP/control/control1/.modules/acl
2023-05-16T15:31:11.063473 INFO   [] [Bolt::R10KLogProxy] Deploying module to /Users/saurabh.dikshit/GCP/control/control1/.modules/windows_env
2023-05-16T15:31:11.063786 INFO   [] [Bolt::R10KLogProxy] Deploying module to /Users/saurabh.dikshit/GCP/control/control1/.modules/systemd
2023-05-16T15:31:11.063945 INFO   [] [Bolt::R10KLogProxy] Deploying module to /Users/saurabh.dikshit/GCP/control/control1/.modules/selinux
2023-05-16T15:31:11.064844 INFO   [] [Bolt::R10KLogProxy] Deploying module to /Users/saurabh.dikshit/GCP/control/control1/.modules/nodejs
2023-05-16T15:31:11.065138 INFO   [] [Bolt::R10KLogProxy] Deploying module to /Users/saurabh.dikshit/GCP/control/control1/.modules/archive
2023-05-16T15:31:11.064980 INFO   [] [Bolt::R10KLogProxy] Deploying module to /Users/saurabh.dikshit/GCP/control/control1/.modules/epel
2023-05-16T15:31:11.065765 INFO   [] [Bolt::R10KLogProxy] Deploying module to /Users/saurabh.dikshit/GCP/control/control1/.modules/augeasproviders_sysctl
2023-05-16T15:31:11.065952 INFO   [] [Bolt::R10KLogProxy] Deploying module to /Users/saurabh.dikshit/GCP/control/control1/.modules/apt
2023-05-16T15:31:11.066113 INFO   [] [Bolt::R10KLogProxy] Deploying module to /Users/saurabh.dikshit/GCP/control/control1/.modules/powershell
2023-05-16T15:31:11.066685 INFO   [] [Bolt::R10KLogProxy] Deploying module to /Users/saurabh.dikshit/GCP/control/control1/.modules/reboot
2023-05-16T15:31:11.066865 INFO   [] [Bolt::R10KLogProxy] Deploying module to /Users/saurabh.dikshit/GCP/control/control1/.modules/augeasproviders_core
2023-05-16T15:31:11.067225 INFO   [] [Bolt::R10KLogProxy] Deploying module to /Users/saurabh.dikshit/GCP/control/control1/.modules/registry
2023-05-16T15:31:11.067874 INFO   [] [Bolt::R10KLogProxy] Deploying module to /Users/saurabh.dikshit/GCP/control/control1/.modules/ruby_task_helper
2023-05-16T15:31:11.068027 INFO   [] [Bolt::R10KLogProxy] Deploying module to /Users/saurabh.dikshit/GCP/control/control1/.modules/pwshlib
2023-05-16T15:31:11.068658 INFO   [] [Bolt::R10KLogProxy] Deploying module to /Users/saurabh.dikshit/GCP/control/control1/.modules/grafana
2023-05-16T15:31:11.068855 INFO   [] [Bolt::R10KLogProxy] Deploying module to /Users/saurabh.dikshit/GCP/control/control1/.modules/telegraf
2023-05-16T15:31:11.069435 INFO   [] [Bolt::R10KLogProxy] Deploying module to /Users/saurabh.dikshit/GCP/control/control1/.modules/influxdb
2023-05-16T15:31:11.070900 INFO   [] [Bolt::R10KLogProxy] Deploying module to /Users/saurabh.dikshit/GCP/control/control1/.modules/testmod
2023-05-16T15:31:11.072831 DEBUG  [] [Bolt::R10KLogProxy] Starting process: ["git", "--git-dir", "/Users/saurabh.dikshit/.r10k/git/https---github.com-saurabh-1410-testmod", "rev-parse", "9d51c5bc3cd5aecfec924d7c0297a6eb525f539b^{commit}"]
2023-05-16T15:31:11.076200 DEBUG  [] [Bolt::R10KLogProxy] Module thread 13020 exiting: queue empty
2023-05-16T15:31:11.094508 DEBUG  [] [Bolt::R10KLogProxy] Finished process:
Command: git --git-dir /Users/saurabh.dikshit/.r10k/git/https---github.com-saurabh-1410-testmod rev-parse 9d51c5bc3cd5aecfec924d7c0297a6eb525f539b^{commit}
Stdout:
9d51c5bc3cd5aecfec924d7c0297a6eb525f539b
Exit code: 0
2023-05-16T15:31:11.094782 DEBUG  [] [Bolt::R10KLogProxy] Starting process: ["git", "--git-dir", "/Users/saurabh.dikshit/.r10k/git/https---github.com-saurabh-1410-testmod", "rev-parse", "9d51c5bc3cd5aecfec924d7c0297a6eb525f539b^{commit}"]
2023-05-16T15:31:11.113577 DEBUG  [] [Bolt::R10KLogProxy] Finished process:
Command: git --git-dir /Users/saurabh.dikshit/.r10k/git/https---github.com-saurabh-1410-testmod rev-parse 9d51c5bc3cd5aecfec924d7c0297a6eb525f539b^{commit}
Stdout:
9d51c5bc3cd5aecfec924d7c0297a6eb525f539b
Exit code: 0
2023-05-16T15:31:11.114001 DEBUG  [] [Bolt::R10KLogProxy] Starting process: ["git", "--git-dir", "/Users/saurabh.dikshit/.r10k/git/https---github.com-saurabh-1410-testmod", "rev-parse", "9d51c5bc3cd5aecfec924d7c0297a6eb525f539b^{commit}"]
2023-05-16T15:31:11.133276 DEBUG  [] [Bolt::R10KLogProxy] Finished process:
Command: git --git-dir /Users/saurabh.dikshit/.r10k/git/https---github.com-saurabh-1410-testmod rev-parse 9d51c5bc3cd5aecfec924d7c0297a6eb525f539b^{commit}
Stdout:
9d51c5bc3cd5aecfec924d7c0297a6eb525f539b
Exit code: 0
2023-05-16T15:31:11.142524 DEBUG  [] [Bolt::R10KLogProxy] Starting process: ["git", "--git-dir", "/Users/saurabh.dikshit/GCP/control/control1/.modules/testmod/.git", "--work-tree", "/Users/saurabh.dikshit/GCP/control/control1/.modules/testmod", "config", "--get", "remote.origin.url"]
2023-05-16T15:31:11.161471 DEBUG  [] [Bolt::R10KLogProxy] Finished process:
Command: git --git-dir /Users/saurabh.dikshit/GCP/control/control1/.modules/testmod/.git --work-tree /Users/saurabh.dikshit/GCP/control/control1/.modules/testmod config --get remote.origin.url
Stdout:
https://github.com/saurabh-1410/testmod
Exit code: 0
2023-05-16T15:31:11.162326 DEBUG  [] [Bolt::R10KLogProxy] Starting process: ["git", "--git-dir", "/Users/saurabh.dikshit/GCP/control/control1/.modules/testmod/.git", "rev-parse", "HEAD^{commit}"]
2023-05-16T15:31:11.182453 DEBUG  [] [Bolt::R10KLogProxy] Finished process:
Command: git --git-dir /Users/saurabh.dikshit/GCP/control/control1/.modules/testmod/.git rev-parse HEAD^{commit}
Stdout:
9d51c5bc3cd5aecfec924d7c0297a6eb525f539b
Exit code: 0
2023-05-16T15:31:11.182708 DEBUG  [] [Bolt::R10KLogProxy] Starting process: ["git", "--git-dir", "/Users/saurabh.dikshit/GCP/control/control1/.modules/testmod/.git", "--work-tree", "/Users/saurabh.dikshit/GCP/control/control1/.modules/testmod", "diff-index", "--exit-code", "--name-only", "HEAD"]
2023-05-16T15:31:11.204439 DEBUG  [] [Bolt::R10KLogProxy] Finished process:
Command: git --git-dir /Users/saurabh.dikshit/GCP/control/control1/.modules/testmod/.git --work-tree /Users/saurabh.dikshit/GCP/control/control1/.modules/testmod diff-index --exit-code --name-only HEAD
Exit code: 0
2023-05-16T15:31:11.204729 DEBUG  [] [Bolt::R10KLogProxy] Starting process: ["git", "--git-dir", "/Users/saurabh.dikshit/GCP/control/control1/.modules/testmod/.git", "rev-parse", "HEAD^{commit}"]
2023-05-16T15:31:11.224223 DEBUG  [] [Bolt::R10KLogProxy] Finished process:
Command: git --git-dir /Users/saurabh.dikshit/GCP/control/control1/.modules/testmod/.git rev-parse HEAD^{commit}
Stdout:
9d51c5bc3cd5aecfec924d7c0297a6eb525f539b
Exit code: 0
2023-05-16T15:31:11.224472 DEBUG  [] [Bolt::R10KLogProxy] Starting process: ["git", "--git-dir", "/Users/saurabh.dikshit/.r10k/git/https---github.com-saurabh-1410-testmod", "rev-parse", "9d51c5bc3cd5aecfec924d7c0297a6eb525f539b^{commit}"]
2023-05-16T15:31:11.242968 DEBUG  [] [Bolt::R10KLogProxy] Finished process:
Command: git --git-dir /Users/saurabh.dikshit/.r10k/git/https---github.com-saurabh-1410-testmod rev-parse 9d51c5bc3cd5aecfec924d7c0297a6eb525f539b^{commit}
Stdout:
9d51c5bc3cd5aecfec924d7c0297a6eb525f539b
Exit code: 0
2023-05-16T15:31:11.246305 DEBUG  [] [Bolt::R10KLogProxy] /Users/saurabh.dikshit/GCP/control/control1/.modules/testmod is already at Git ref 9d51c5bc3cd5aecfec924d7c0297a6eb525f539b
2023-05-16T15:31:11.246823 DEBUG  [] [Bolt::R10KLogProxy] Module thread 13040 exiting: queue empty
2023-05-16T15:31:11.776853 DEBUG  [] [Bolt::R10KLogProxy] Downloading puppetlabs-reboot-5.0.0 from https://forgeapi.puppet.com/ to /var/folders/97/m80cv8q94nz2z9ft02wz8rd40000gp/T/d20230516-23891-dkey7i/puppetlabs-reboot-5.0.0.tar.gz
2023-05-16T15:31:12.072815 DEBUG  [] [Bolt::R10KLogProxy] Downloading puppetlabs-docker-7.0.0 from https://forgeapi.puppet.com/ to /var/folders/97/m80cv8q94nz2z9ft02wz8rd40000gp/T/d20230516-23891-1arq9b/puppetlabs-docker-7.0.0.tar.gz
2023-05-16T15:31:13.287395 DEBUG  [] [Bolt::R10KLogProxy] Verifying that /Users/saurabh.dikshit/.r10k/cache/puppetlabs-reboot-5.0.0/tarball/puppetlabs-reboot-5.0.0.tar.gz matches checksum
2023-05-16T15:31:13.295006 DEBUG  [] [Bolt::R10KLogProxy] Unpacking /Users/saurabh.dikshit/.r10k/cache/puppetlabs-reboot-5.0.0/tarball/puppetlabs-reboot-5.0.0.tar.gz to /Users/saurabh.dikshit/GCP/control/control1/.modules/reboot (with tmpdir /var/folders/97/m80cv8q94nz2z9ft02wz8rd40000gp/T/d20230516-23891-eqed2q/puppetlabs-reboot-5.0.0)
2023-05-16T15:31:13.342230 DEBUG  [] [Bolt::R10KLogProxy] Valid files unpacked: ["puppetlabs-reboot-5.0.0", "puppetlabs-reboot-5.0.0/.github", "puppetlabs-reboot-5.0.0/.github/pull_request_template.md", "puppetlabs-reboot-5.0.0/.github/workflows", "puppetlabs-reboot-5.0.0/.github/workflows/auto_release.yml", "puppetlabs-reboot-5.0.0/.github/workflows/ci.yml", "puppetlabs-reboot-5.0.0/.github/workflows/labeller.yml", "puppetlabs-reboot-5.0.0/.github/workflows/mend.yml", "puppetlabs-reboot-5.0.0/.github/workflows/nightly.yml", "puppetlabs-reboot-5.0.0/.github/workflows/release.yml", "puppetlabs-reboot-5.0.0/.gitpod.Dockerfile", "puppetlabs-reboot-5.0.0/.gitpod.yml", "puppetlabs-reboot-5.0.0/.rubocop_todo.yml", "puppetlabs-reboot-5.0.0/CHANGELOG.md", "puppetlabs-reboot-5.0.0/CODEOWNERS", "puppetlabs-reboot-5.0.0/CONTRIBUTING.md", "puppetlabs-reboot-5.0.0/HISTORY.md", "puppetlabs-reboot-5.0.0/LICENSE", "puppetlabs-reboot-5.0.0/NOTICE", "puppetlabs-reboot-5.0.0/README.md", "puppetlabs-reboot-5.0.0/REFERENCE.md", "puppetlabs-reboot-5.0.0/data", "puppetlabs-reboot-5.0.0/data/common.yaml", "puppetlabs-reboot-5.0.0/examples", "puppetlabs-reboot-5.0.0/examples/sample.pp", "puppetlabs-reboot-5.0.0/hiera.yaml", "puppetlabs-reboot-5.0.0/lib", "puppetlabs-reboot-5.0.0/lib/puppet", "puppetlabs-reboot-5.0.0/lib/puppet/provider", "puppetlabs-reboot-5.0.0/lib/puppet/provider/reboot", "puppetlabs-reboot-5.0.0/lib/puppet/provider/reboot/linux.rb", "puppetlabs-reboot-5.0.0/lib/puppet/provider/reboot/posix.rb", "puppetlabs-reboot-5.0.0/lib/puppet/provider/reboot/windows.rb", "puppetlabs-reboot-5.0.0/lib/puppet/type", "puppetlabs-reboot-5.0.0/lib/puppet/type/reboot.rb", "puppetlabs-reboot-5.0.0/metadata.json", "puppetlabs-reboot-5.0.0/pdk.yaml", "puppetlabs-reboot-5.0.0/plans", "puppetlabs-reboot-5.0.0/plans/init.pp", "puppetlabs-reboot-5.0.0/provision.yaml", "puppetlabs-reboot-5.0.0/tasks", "puppetlabs-reboot-5.0.0/tasks/init.json", "puppetlabs-reboot-5.0.0/tasks/init.rb", "puppetlabs-reboot-5.0.0/tasks/last_boot_time.json", "puppetlabs-reboot-5.0.0/tasks/last_boot_time_nix.json", "puppetlabs-reboot-5.0.0/tasks/last_boot_time_nix.sh", "puppetlabs-reboot-5.0.0/tasks/last_boot_time_win.json", "puppetlabs-reboot-5.0.0/tasks/last_boot_time_win.ps1", "puppetlabs-reboot-5.0.0/tasks/nix.json", "puppetlabs-reboot-5.0.0/tasks/nix.sh", "puppetlabs-reboot-5.0.0/tasks/win.json", "puppetlabs-reboot-5.0.0/tasks/win.ps1"]
2023-05-16T15:31:13.343208 DEBUG  [] [Bolt::R10KLogProxy] Module thread 13060 exiting: queue empty
2023-05-16T15:31:13.929481 DEBUG  [] [Bolt::R10KLogProxy] Verifying that /Users/saurabh.dikshit/.r10k/cache/puppetlabs-docker-7.0.0/tarball/puppetlabs-docker-7.0.0.tar.gz matches checksum
2023-05-16T15:31:13.934149 DEBUG  [] [Bolt::R10KLogProxy] Unpacking /Users/saurabh.dikshit/.r10k/cache/puppetlabs-docker-7.0.0/tarball/puppetlabs-docker-7.0.0.tar.gz to /Users/saurabh.dikshit/GCP/control/control1/.modules/docker (with tmpdir /var/folders/97/m80cv8q94nz2z9ft02wz8rd40000gp/T/d20230516-23891-1mhb9dv/puppetlabs-docker-7.0.0)
2023-05-16T15:31:14.060883 DEBUG  [] [Bolt::R10KLogProxy] Valid files unpacked: ["puppetlabs-docker-7.0.0", "puppetlabs-docker-7.0.0/.github", "puppetlabs-docker-7.0.0/.github/ISSUE_TEMPLATE.MD", "puppetlabs-docker-7.0.0/.github/workflows", "puppetlabs-docker-7.0.0/.github/workflows/auto_release.yml", "puppetlabs-docker-7.0.0/.github/workflows/ci.yml", "puppetlabs-docker-7.0.0/.github/workflows/labeller.yml", "puppetlabs-docker-7.0.0/.github/workflows/mend.yml", "puppetlabs-docker-7.0.0/.github/workflows/nightly.yml", "puppetlabs-docker-7.0.0/.github/workflows/release.yml", "puppetlabs-docker-7.0.0/.gitpod.Dockerfile", "puppetlabs-docker-7.0.0/.gitpod.yml", "puppetlabs-docker-7.0.0/.rubocop_todo.yml", "puppetlabs-docker-7.0.0/CHANGELOG.md", "puppetlabs-docker-7.0.0/CODEOWNERS", "puppetlabs-docker-7.0.0/CONTRIBUTING.md", "puppetlabs-docker-7.0.0/CONTRIBUTORS.md", "puppetlabs-docker-7.0.0/HISTORY.md", "puppetlabs-docker-7.0.0/LICENSE", "puppetlabs-docker-7.0.0/README.md", "puppetlabs-docker-7.0.0/REFERENCE.md", "puppetlabs-docker-7.0.0/data", "puppetlabs-docker-7.0.0/data/common.yaml", "puppetlabs-docker-7.0.0/functions", "puppetlabs-docker-7.0.0/functions/sanitised_name.pp", "puppetlabs-docker-7.0.0/hiera.yaml", "puppetlabs-docker-7.0.0/lib", "puppetlabs-docker-7.0.0/lib/facter", "puppetlabs-docker-7.0.0/lib/facter/docker.rb", "puppetlabs-docker-7.0.0/lib/puppet", "puppetlabs-docker-7.0.0/lib/puppet/functions", "puppetlabs-docker-7.0.0/lib/puppet/functions/docker_params_changed.rb", "puppetlabs-docker-7.0.0/lib/puppet/parser", "puppetlabs-docker-7.0.0/lib/puppet/parser/functions", "puppetlabs-docker-7.0.0/lib/puppet/parser/functions/docker_exec_flags.rb", "puppetlabs-docker-7.0.0/lib/puppet/parser/functions/docker_plugin_enable_flags.rb", "puppetlabs-docker-7.0.0/lib/puppet/parser/functions/docker_plugin_install_flags.rb", "puppetlabs-docker-7.0.0/lib/puppet/parser/functions/docker_plugin_remove_flags.rb", "puppetlabs-docker-7.0.0/lib/puppet/parser/functions/docker_run_flags.rb", "puppetlabs-docker-7.0.0/lib/puppet/parser/functions/docker_secrets_flags.rb", "puppetlabs-docker-7.0.0/lib/puppet/parser/functions/docker_service_flags.rb", "puppetlabs-docker-7.0.0/lib/puppet/parser/functions/docker_stack_flags.rb", "puppetlabs-docker-7.0.0/lib/puppet/parser/functions/docker_swarm_init_flags.rb", "puppetlabs-docker-7.0.0/lib/puppet/parser/functions/docker_swarm_join_flags.rb", "puppetlabs-docker-7.0.0/lib/puppet/provider", "puppetlabs-docker-7.0.0/lib/puppet/provider/docker_compose", "puppetlabs-docker-7.0.0/lib/puppet/provider/docker_compose/ruby.rb", "puppetlabs-docker-7.0.0/lib/puppet/provider/docker_network", "puppetlabs-docker-7.0.0/lib/puppet/provider/docker_network/ruby.rb", "puppetlabs-docker-7.0.0/lib/puppet/provider/docker_stack", "puppetlabs-docker-7.0.0/lib/puppet/provider/docker_stack/ruby.rb", "puppetlabs-docker-7.0.0/lib/puppet/provider/docker_volume", "puppetlabs-docker-7.0.0/lib/puppet/provider/docker_volume/ruby.rb", "puppetlabs-docker-7.0.0/lib/puppet/type", "puppetlabs-docker-7.0.0/lib/puppet/type/docker_compose.rb", "puppetlabs-docker-7.0.0/lib/puppet/type/docker_network.rb", "puppetlabs-docker-7.0.0/lib/puppet/type/docker_stack.rb", "puppetlabs-docker-7.0.0/lib/puppet/type/docker_volume.rb", "puppetlabs-docker-7.0.0/manifests", "puppetlabs-docker-7.0.0/manifests/compose.pp", "puppetlabs-docker-7.0.0/manifests/config.pp", "puppetlabs-docker-7.0.0/manifests/exec.pp", "puppetlabs-docker-7.0.0/manifests/image.pp", "puppetlabs-docker-7.0.0/manifests/images.pp", "puppetlabs-docker-7.0.0/manifests/init.pp", "puppetlabs-docker-7.0.0/manifests/install.pp", "puppetlabs-docker-7.0.0/manifests/machine.pp", "puppetlabs-docker-7.0.0/manifests/networks.pp", "puppetlabs-docker-7.0.0/manifests/params.pp", "puppetlabs-docker-7.0.0/manifests/plugin.pp", "puppetlabs-docker-7.0.0/manifests/plugins.pp", "puppetlabs-docker-7.0.0/manifests/registry.pp", "puppetlabs-docker-7.0.0/manifests/registry_auth.pp", "puppetlabs-docker-7.0.0/manifests/repos.pp", "puppetlabs-docker-7.0.0/manifests/run.pp", "puppetlabs-docker-7.0.0/manifests/run_instance.pp", "puppetlabs-docker-7.0.0/manifests/secrets.pp", "puppetlabs-docker-7.0.0/manifests/service.pp", "puppetlabs-docker-7.0.0/manifests/services.pp", "puppetlabs-docker-7.0.0/manifests/stack.pp", "puppetlabs-docker-7.0.0/manifests/swarm.pp", "puppetlabs-docker-7.0.0/manifests/swarms.pp", "puppetlabs-docker-7.0.0/manifests/system_user.pp", "puppetlabs-docker-7.0.0/manifests/systemd_reload.pp", "puppetlabs-docker-7.0.0/manifests/volumes.pp", "puppetlabs-docker-7.0.0/manifests/windows_account.pp", "puppetlabs-docker-7.0.0/metadata.json", "puppetlabs-docker-7.0.0/pdk.yaml", "puppetlabs-docker-7.0.0/provision.yaml", "puppetlabs-docker-7.0.0/tasks", "puppetlabs-docker-7.0.0/tasks/node_ls.json", "puppetlabs-docker-7.0.0/tasks/node_ls.rb", "puppetlabs-docker-7.0.0/tasks/node_rm.json", "puppetlabs-docker-7.0.0/tasks/node_rm.rb", "puppetlabs-docker-7.0.0/tasks/node_update.json", "puppetlabs-docker-7.0.0/tasks/node_update.rb", "puppetlabs-docker-7.0.0/tasks/service_create.json", "puppetlabs-docker-7.0.0/tasks/service_create.rb", "puppetlabs-docker-7.0.0/tasks/service_rm.json", "puppetlabs-docker-7.0.0/tasks/service_rm.rb", "puppetlabs-docker-7.0.0/tasks/service_scale.json", "puppetlabs-docker-7.0.0/tasks/service_scale.rb", "puppetlabs-docker-7.0.0/tasks/service_update.json", "puppetlabs-docker-7.0.0/tasks/service_update.rb", "puppetlabs-docker-7.0.0/tasks/swarm_init.json", "puppetlabs-docker-7.0.0/tasks/swarm_init.rb", "puppetlabs-docker-7.0.0/tasks/swarm_join.json", "puppetlabs-docker-7.0.0/tasks/swarm_join.rb", "puppetlabs-docker-7.0.0/tasks/swarm_leave.json", "puppetlabs-docker-7.0.0/tasks/swarm_leave.rb", "puppetlabs-docker-7.0.0/tasks/swarm_token.json", "puppetlabs-docker-7.0.0/tasks/swarm_token.rb", "puppetlabs-docker-7.0.0/tasks/swarm_update.json", "puppetlabs-docker-7.0.0/tasks/swarm_update.rb", "puppetlabs-docker-7.0.0/templates", "puppetlabs-docker-7.0.0/templates/docker-run-start.erb", "puppetlabs-docker-7.0.0/templates/docker-run-stop.erb", "puppetlabs-docker-7.0.0/templates/etc", "puppetlabs-docker-7.0.0/templates/etc/conf.d", "puppetlabs-docker-7.0.0/templates/etc/conf.d/docker.erb", "puppetlabs-docker-7.0.0/templates/etc/conf.d/docker.gentoo.erb", "puppetlabs-docker-7.0.0/templates/etc/default", "puppetlabs-docker-7.0.0/templates/etc/default/docker.erb", "puppetlabs-docker-7.0.0/templates/etc/init.d", "puppetlabs-docker-7.0.0/templates/etc/init.d/docker-run.erb", "puppetlabs-docker-7.0.0/templates/etc/sysconfig", "puppetlabs-docker-7.0.0/templates/etc/sysconfig/docker-storage-setup.erb", "puppetlabs-docker-7.0.0/templates/etc/sysconfig/docker-storage.erb", "puppetlabs-docker-7.0.0/templates/etc/sysconfig/docker.erb", "puppetlabs-docker-7.0.0/templates/etc/sysconfig/docker.systemd.erb", "puppetlabs-docker-7.0.0/templates/etc/systemd", "puppetlabs-docker-7.0.0/templates/etc/systemd/system", "puppetlabs-docker-7.0.0/templates/etc/systemd/system/docker-run.erb", "puppetlabs-docker-7.0.0/templates/etc/systemd/system/docker.service.d", "puppetlabs-docker-7.0.0/templates/etc/systemd/system/docker.service.d/service-overrides-debian.conf.erb", "puppetlabs-docker-7.0.0/templates/etc/systemd/system/docker.service.d/service-overrides-rhel.conf.erb", "puppetlabs-docker-7.0.0/templates/etc/systemd/system/docker.socket.d", "puppetlabs-docker-7.0.0/templates/etc/systemd/system/docker.socket.d/socket-overrides.conf.erb", "puppetlabs-docker-7.0.0/templates/update_docker_image.sh.erb", "puppetlabs-docker-7.0.0/templates/usr", "puppetlabs-docker-7.0.0/templates/usr/local", "puppetlabs-docker-7.0.0/templates/usr/local/bin", "puppetlabs-docker-7.0.0/templates/usr/local/bin/docker-run.sh.epp", "puppetlabs-docker-7.0.0/templates/windows", "puppetlabs-docker-7.0.0/templates/windows/check_docker.ps1.erb", "puppetlabs-docker-7.0.0/templates/windows/check_docker_url.ps1.erb", "puppetlabs-docker-7.0.0/templates/windows/check_hash.ps1.erb", "puppetlabs-docker-7.0.0/templates/windows/check_powershell_provider.ps1.erb", "puppetlabs-docker-7.0.0/templates/windows/compute_hash.ps1.erb", "puppetlabs-docker-7.0.0/templates/windows/config", "puppetlabs-docker-7.0.0/templates/windows/config/daemon.json.erb", "puppetlabs-docker-7.0.0/templates/windows/download_docker.ps1.erb", "puppetlabs-docker-7.0.0/templates/windows/download_docker_compose.ps1.erb", "puppetlabs-docker-7.0.0/templates/windows/download_docker_machine.ps1.erb", "puppetlabs-docker-7.0.0/templates/windows/install_powershell_provider.ps1.erb", "puppetlabs-docker-7.0.0/templates/windows/remove_docker.ps1.erb", "puppetlabs-docker-7.0.0/templates/windows/update_docker_image.ps1.erb"]
2023-05-16T15:31:14.061642 DEBUG  [] [Bolt::R10KLogProxy] Module thread 13080 exiting: queue empty
2023-05-16T15:31:14.064299 DEBUG  [main] [Bolt::R10KLogProxy] No unmanaged contents in /Users/saurabh.dikshit/GCP/control/control1/.modules, nothing to purge
2023-05-16T15:31:16.339127 INFO   [main] [Puppet] Generating Puppet resource types.
2023-05-16T15:31:16.392859 INFO   [main] [Puppet] Generating '/Users/saurabh.dikshit/GCP/control/control1/.resource_types/acl.pp' using 'pcore' format.
2023-05-16T15:31:16.448276 INFO   [main] [Puppet] Generating '/Users/saurabh.dikshit/GCP/control/control1/.resource_types/apt_key.pp' using 'pcore' format.
2023-05-16T15:31:16.511930 INFO   [main] [Puppet] Generating '/Users/saurabh.dikshit/GCP/control/control1/.resource_types/archive.pp' using 'pcore' format.
2023-05-16T15:31:16.578117 INFO   [main] [Puppet] Generating '/Users/saurabh.dikshit/GCP/control/control1/.resource_types/augeasprovider.pp' using 'pcore' format.
2023-05-16T15:31:16.648175 INFO   [main] [Puppet] Generating '/Users/saurabh.dikshit/GCP/control/control1/.resource_types/sysctl.pp' using 'pcore' format.
2023-05-16T15:31:16.689098 INFO   [main] [Puppet] Generating '/Users/saurabh.dikshit/GCP/control/control1/.resource_types/chocolateyconfig.pp' using 'pcore' format.
2023-05-16T15:31:16.721728 INFO   [main] [Puppet] Generating '/Users/saurabh.dikshit/GCP/control/control1/.resource_types/chocolateyfeature.pp' using 'pcore' format.
2023-05-16T15:31:16.757501 INFO   [main] [Puppet] Generating '/Users/saurabh.dikshit/GCP/control/control1/.resource_types/chocolateysource.pp' using 'pcore' format.
2023-05-16T15:31:16.798202 INFO   [main] [Puppet] Generating '/Users/saurabh.dikshit/GCP/control/control1/.resource_types/docker_compose.pp' using 'pcore' format.
2023-05-16T15:31:16.831908 INFO   [main] [Puppet] Generating '/Users/saurabh.dikshit/GCP/control/control1/.resource_types/docker_network.pp' using 'pcore' format.
2023-05-16T15:31:16.862557 INFO   [main] [Puppet] Generating '/Users/saurabh.dikshit/GCP/control/control1/.resource_types/docker_stack.pp' using 'pcore' format.
2023-05-16T15:31:16.898728 INFO   [main] [Puppet] Generating '/Users/saurabh.dikshit/GCP/control/control1/.resource_types/docker_volume.pp' using 'pcore' format.
2023-05-16T15:31:16.939443 INFO   [main] [Puppet] Generating '/Users/saurabh.dikshit/GCP/control/control1/.resource_types/grafana_conn_validator.pp' using 'pcore' format.
2023-05-16T15:31:16.976059 INFO   [main] [Puppet] Generating '/Users/saurabh.dikshit/GCP/control/control1/.resource_types/grafana_dashboard.pp' using 'pcore' format.
2023-05-16T15:31:17.011630 INFO   [main] [Puppet] Generating '/Users/saurabh.dikshit/GCP/control/control1/.resource_types/grafana_dashboard_permission.pp' using 'pcore' format.
2023-05-16T15:31:17.048069 INFO   [main] [Puppet] Generating '/Users/saurabh.dikshit/GCP/control/control1/.resource_types/grafana_datasource.pp' using 'pcore' format.
2023-05-16T15:31:17.081819 INFO   [main] [Puppet] Generating '/Users/saurabh.dikshit/GCP/control/control1/.resource_types/grafana_folder.pp' using 'pcore' format.
2023-05-16T15:31:17.091665 ERROR  [main] [Puppet] Failed to load custom type 'grafana_ldap_config' from '/Users/saurabh.dikshit/GCP/control/control1/.modules/grafana/lib/puppet/type/grafana_ldap_config.rb': cannot load such file -- toml
2023-05-16T15:31:17.116898 INFO   [main] [Puppet] Generating '/Users/saurabh.dikshit/GCP/control/control1/.resource_types/grafana_ldap_group_mapping.pp' using 'pcore' format.
2023-05-16T15:31:17.151420 INFO   [main] [Puppet] Generating '/Users/saurabh.dikshit/GCP/control/control1/.resource_types/grafana_ldap_server.pp' using 'pcore' format.
2023-05-16T15:31:17.189115 INFO   [main] [Puppet] Generating '/Users/saurabh.dikshit/GCP/control/control1/.resource_types/grafana_membership.pp' using 'pcore' format.
2023-05-16T15:31:17.229291 INFO   [main] [Puppet] Generating '/Users/saurabh.dikshit/GCP/control/control1/.resource_types/grafana_notification.pp' using 'pcore' format.
2023-05-16T15:31:17.282925 INFO   [main] [Puppet] Generating '/Users/saurabh.dikshit/GCP/control/control1/.resource_types/grafana_organization.pp' using 'pcore' format.
2023-05-16T15:31:17.333326 INFO   [main] [Puppet] Generating '/Users/saurabh.dikshit/GCP/control/control1/.resource_types/grafana_plugin.pp' using 'pcore' format.
2023-05-16T15:31:17.374846 INFO   [main] [Puppet] Generating '/Users/saurabh.dikshit/GCP/control/control1/.resource_types/grafana_team.pp' using 'pcore' format.
2023-05-16T15:31:17.413148 INFO   [main] [Puppet] Generating '/Users/saurabh.dikshit/GCP/control/control1/.resource_types/grafana_user.pp' using 'pcore' format.
2023-05-16T15:31:18.377348 INFO   [main] [Puppet] Generating '/Users/saurabh.dikshit/GCP/control/control1/.resource_types/influxdb_auth.pp' using 'pcore' format.
2023-05-16T15:31:18.421033 INFO   [main] [Puppet] Generating '/Users/saurabh.dikshit/GCP/control/control1/.resource_types/influxdb_bucket.pp' using 'pcore' format.
2023-05-16T15:31:18.458315 INFO   [main] [Puppet] Generating '/Users/saurabh.dikshit/GCP/control/control1/.resource_types/influxdb_dbrp.pp' using 'pcore' format.
2023-05-16T15:31:18.493206 INFO   [main] [Puppet] Generating '/Users/saurabh.dikshit/GCP/control/control1/.resource_types/influxdb_label.pp' using 'pcore' format.
2023-05-16T15:31:18.528287 INFO   [main] [Puppet] Generating '/Users/saurabh.dikshit/GCP/control/control1/.resource_types/influxdb_org.pp' using 'pcore' format.
2023-05-16T15:31:18.564088 INFO   [main] [Puppet] Generating '/Users/saurabh.dikshit/GCP/control/control1/.resource_types/influxdb_setup.pp' using 'pcore' format.
2023-05-16T15:31:18.599621 INFO   [main] [Puppet] Generating '/Users/saurabh.dikshit/GCP/control/control1/.resource_types/influxdb_user.pp' using 'pcore' format.
2023-05-16T15:31:18.642131 INFO   [main] [Puppet] Generating '/Users/saurabh.dikshit/GCP/control/control1/.resource_types/ini_setting.pp' using 'pcore' format.
2023-05-16T15:31:18.680300 INFO   [main] [Puppet] Generating '/Users/saurabh.dikshit/GCP/control/control1/.resource_types/ini_subsetting.pp' using 'pcore' format.
2023-05-16T15:31:18.738825 INFO   [main] [Puppet] Generating '/Users/saurabh.dikshit/GCP/control/control1/.resource_types/reboot.pp' using 'pcore' format.
2023-05-16T15:31:18.774856 INFO   [main] [Puppet] Generating '/Users/saurabh.dikshit/GCP/control/control1/.resource_types/registry_key.pp' using 'pcore' format.
2023-05-16T15:31:18.810279 INFO   [main] [Puppet] Generating '/Users/saurabh.dikshit/GCP/control/control1/.resource_types/registry_value.pp' using 'pcore' format.
2023-05-16T15:31:18.854214 INFO   [main] [Puppet] Generating '/Users/saurabh.dikshit/GCP/control/control1/.resource_types/selinux_fcontext.pp' using 'pcore' format.
2023-05-16T15:31:18.890414 INFO   [main] [Puppet] Generating '/Users/saurabh.dikshit/GCP/control/control1/.resource_types/selinux_fcontext_equivalence.pp' using 'pcore' format.
2023-05-16T15:31:18.924924 INFO   [main] [Puppet] Generating '/Users/saurabh.dikshit/GCP/control/control1/.resource_types/selinux_permissive.pp' using 'pcore' format.
2023-05-16T15:31:19.084460 INFO   [main] [Puppet] Generating '/Users/saurabh.dikshit/GCP/control/control1/.resource_types/selinux_port.pp' using 'pcore' format.
2023-05-16T15:31:19.109287 INFO   [main] [Puppet] Generating '/Users/saurabh.dikshit/GCP/control/control1/.resource_types/anchor.pp' using 'pcore' format.
2023-05-16T15:31:19.151299 INFO   [main] [Puppet] Generating '/Users/saurabh.dikshit/GCP/control/control1/.resource_types/file_line.pp' using 'pcore' format.
2023-05-16T15:31:19.184707 INFO   [main] [Puppet] Generating '/Users/saurabh.dikshit/GCP/control/control1/.resource_types/loginctl_user.pp' using 'pcore' format.
2023-05-16T15:31:19.292261 INFO   [main] [Puppet] Generating '/Users/saurabh.dikshit/GCP/control/control1/.resource_types/vcsrepo.pp' using 'pcore' format.
2023-05-16T15:31:19.401888 INFO   [main] [Puppet] Generating '/Users/saurabh.dikshit/GCP/control/control1/.resource_types/windows_env.pp' using 'pcore' format.
2023-05-16T15:31:19.518433 INFO   [main] [Puppet] Generating '/Users/saurabh.dikshit/GCP/control/control1/.resource_types/yumrepo.pp' using 'pcore' format.
2023-05-16T15:31:19.562439 INFO   [main] [Puppet] Generating '/Users/saurabh.dikshit/GCP/control/control1/.resource_types/augeas.pp' using 'pcore' format.
2023-05-16T15:31:19.614180 INFO   [main] [Puppet] Generating '/Users/saurabh.dikshit/GCP/control/control1/.resource_types/cron.pp' using 'pcore' format.
2023-05-16T15:31:19.655290 INFO   [main] [Puppet] Generating '/Users/saurabh.dikshit/GCP/control/control1/.resource_types/host.pp' using 'pcore' format.
2023-05-16T15:31:19.709146 INFO   [main] [Puppet] Generating '/Users/saurabh.dikshit/GCP/control/control1/.resource_types/mount.pp' using 'pcore' format.
2023-05-16T15:31:19.741869 INFO   [main] [Puppet] Generating '/Users/saurabh.dikshit/GCP/control/control1/.resource_types/puppet_agent_end_run.pp' using 'pcore' format.
2023-05-16T15:31:19.773377 INFO   [main] [Puppet] Generating '/Users/saurabh.dikshit/GCP/control/control1/.resource_types/puppet_agent_upgrade_error.pp' using 'pcore' format.
2023-05-16T15:31:19.831407 INFO   [main] [Puppet] Generating '/Users/saurabh.dikshit/GCP/control/control1/.resource_types/scheduled_task.pp' using 'pcore' format.
2023-05-16T15:31:19.866877 INFO   [main] [Puppet] Generating '/Users/saurabh.dikshit/GCP/control/control1/.resource_types/selboolean.pp' using 'pcore' format.
2023-05-16T15:31:19.905894 INFO   [main] [Puppet] Generating '/Users/saurabh.dikshit/GCP/control/control1/.resource_types/selmodule.pp' using 'pcore' format.
2023-05-16T15:31:19.946233 INFO   [main] [Puppet] Generating '/Users/saurabh.dikshit/GCP/control/control1/.resource_types/ssh_authorized_key.pp' using 'pcore' format.
2023-05-16T15:31:19.982490 INFO   [main] [Puppet] Generating '/Users/saurabh.dikshit/GCP/control/control1/.resource_types/sshkey.pp' using 'pcore' format.
2023-05-16T15:31:20.022736 INFO   [main] [Puppet] Generating '/Users/saurabh.dikshit/GCP/control/control1/.resource_types/zfs.pp' using 'pcore' format.
2023-05-16T15:31:20.057732 INFO   [main] [Puppet] Generating '/Users/saurabh.dikshit/GCP/control/control1/.resource_types/zpool.pp' using 'pcore' format.
2023-05-16T15:31:20.095199 INFO   [main] [Puppet] Generating '/Users/saurabh.dikshit/GCP/control/control1/.resource_types/zone.pp' using 'pcore' format.
